<?xml version="1.0" encoding="UTF-8"?>
<!-- Generated by org.testng.reporters.JUnitReportReporter -->
<testsuite hostname="atchutarao" failures="0" tests="1" name="Excelreusebility.testutility" time="0.890" errors="0" timestamp="2024-10-24T21:29:49 IST" skipped="0">
  <testcase classname="Excelreusebility.testutility" name="Tc1" time="0.890"/>
</testsuite> <!-- Excelreusebility.testutility -->
