<?xml version="1.0" encoding="UTF-8"?>
<!-- Generated by org.testng.reporters.JUnitReportReporter -->
<testsuite hostname="atchutarao" failures="0" tests="4" name="Parameterization.FacebookLoginvtdataprovider" time="25.307" errors="0" timestamp="2024-10-08T15:28:38 IST" skipped="0">
  <testcase classname="Parameterization.FacebookLoginvtdataprovider" name="fclogin" time="6.232"/>
  <testcase classname="Parameterization.FacebookLoginvtdataprovider" name="fclogin" time="5.359"/>
  <testcase classname="Parameterization.FacebookLoginvtdataprovider" name="fclogin" time="5.233"/>
  <testcase classname="Parameterization.FacebookLoginvtdataprovider" name="fclogin" time="8.483"/>
</testsuite> <!-- Parameterization.FacebookLoginvtdataprovider -->
