<?xml version="1.0" encoding="UTF-8"?>
<!-- Generated by org.testng.reporters.JUnitReportReporter -->
<testsuite hostname="atchutarao" failures="0" tests="1" name="ExcelHandling.DataSendFacebook" time="5.262" errors="0" timestamp="2024-10-18T15:19:24 IST" skipped="0">
  <testcase classname="ExcelHandling.DataSendFacebook" name="TC1" time="5.262"/>
</testsuite> <!-- ExcelHandling.DataSendFacebook -->
