<?xml version="1.0" encoding="UTF-8"?>
<!-- Generated by org.testng.reporters.JUnitReportReporter -->
<testsuite hostname="atchutarao" failures="0" tests="2" name="Parameterization.parameterized" time="0.008" errors="0" timestamp="2024-10-03T15:40:26 IST" skipped="0">
  <testcase classname="Parameterization.parameterized" name="login" time="0.002"/>
  <testcase classname="Parameterization.parameterized" name="login" time="0.006"/>
</testsuite> <!-- Parameterization.parameterized -->
