<?xml version="1.0" encoding="UTF-8"?>
<!-- Generated by org.testng.reporters.JUnitReportReporter -->
<testsuite hostname="atchutarao" failures="0" tests="1" name="Multipleclasses.A" time="0.013" errors="0" timestamp="2024-10-08T16:03:20 IST" skipped="0">
  <testcase classname="Multipleclasses.A" name="show" time="0.013"/>
</testsuite> <!-- Multipleclasses.A -->
