<?xml version="1.0" encoding="UTF-8"?>
<!-- Generated by org.testng.reporters.JUnitReportReporter -->
<testsuite hostname="atchutarao" failures="0" tests="4" name="GroupExecution.grouphandling" time="0.021" errors="0" timestamp="2024-12-19T20:27:12 IST" skipped="0">
  <testcase classname="GroupExecution.grouphandling" name="Tc7" time="0.013"/>
  <testcase classname="GroupExecution.grouphandling" name="Tc1" time="0.003"/>
  <testcase classname="GroupExecution.grouphandling" name="Tc2" time="0.002"/>
  <testcase classname="GroupExecution.grouphandling" name="Tc3" time="0.003"/>
</testsuite> <!-- GroupExecution.grouphandling -->
