<?xml version="1.0" encoding="UTF-8"?>
<!-- Generated by org.testng.reporters.JUnitReportReporter -->
<testsuite hostname="atchutarao" failures="0" tests="1" name="ExcelHandling.Excelhandle" time="0.887" errors="0" timestamp="2024-10-18T14:58:26 IST" skipped="0">
  <testcase classname="ExcelHandling.Excelhandle" name="Tc1" time="0.887"/>
</testsuite> <!-- ExcelHandling.Excelhandle -->
