<?xml version="1.0" encoding="UTF-8"?>
<!-- Generated by org.testng.reporters.JUnitReportReporter -->
<testsuite hostname="atchutarao" failures="0" tests="1" name="Exceldatahandling.allexceldata" time="0.954" errors="0" timestamp="2024-11-13T09:42:21 IST" skipped="0">
  <testcase classname="Exceldatahandling.allexceldata" name="TC1" time="0.954"/>
</testsuite> <!-- Exceldatahandling.allexceldata -->
