<?xml version="1.0" encoding="UTF-8"?>
<!-- Generated by org.testng.reporters.JUnitReportReporter -->
<testsuite hostname="atchutarao" failures="0" tests="1" name="EXCELSheethandling.Excelread" time="0.889" errors="0" timestamp="2024-10-15T16:02:42 IST" skipped="0">
  <testcase classname="EXCELSheethandling.Excelread" name="TC1" time="0.889"/>
</testsuite> <!-- EXCELSheethandling.Excelread -->
