<?xml version="1.0" encoding="UTF-8"?>
<!-- Generated by org.testng.reporters.JUnitReportReporter -->
<testsuite hostname="atchutarao" failures="0" tests="1" name="Multipleclasses.c" time="0.002" errors="0" timestamp="2024-10-08T16:03:20 IST" skipped="0">
  <testcase classname="Multipleclasses.c" name="display" time="0.002"/>
</testsuite> <!-- Multipleclasses.c -->
