<?xml version="1.0" encoding="UTF-8"?>
<!-- Generated by org.testng.reporters.JUnitReportReporter -->
<testsuite hostname="atchutarao" failures="0" tests="1" name="EXCELSheethandling.Excelsheethandle" time="0.910" errors="0" timestamp="2024-10-15T15:49:39 IST" skipped="0">
  <testcase classname="EXCELSheethandling.Excelsheethandle" name="WBTC" time="0.910"/>
</testsuite> <!-- EXCELSheethandling.Excelsheethandle -->
