<?xml version="1.0" encoding="UTF-8"?>
<!-- Generated by org.testng.reporters.JUnitReportReporter -->
<testsuite hostname="atchutarao" failures="0" tests="1" name="EXCELSheethandling.ExcelsheetHandling" time="0.494" errors="0" timestamp="2024-10-15T21:10:08 IST" skipped="0">
  <testcase classname="EXCELSheethandling.ExcelsheetHandling" name="TC1" time="0.494"/>
</testsuite> <!-- EXCELSheethandling.ExcelsheetHandling -->
