<?xml version="1.0" encoding="UTF-8"?>
<!-- Generated by org.testng.reporters.JUnitReportReporter -->
<testsuite hostname="atchutarao" failures="0" tests="3" name="ExcelHandling.ExcelhandleWithdataprovider" time="0.016" errors="0" timestamp="2024-10-18T15:13:51 IST" skipped="0">
  <testcase classname="ExcelHandling.ExcelhandleWithdataprovider" name="TC1" time="0.002"/>
  <testcase classname="ExcelHandling.ExcelhandleWithdataprovider" name="TC1" time="0.011"/>
  <testcase classname="ExcelHandling.ExcelhandleWithdataprovider" name="TC1" time="0.003"/>
</testsuite> <!-- ExcelHandling.ExcelhandleWithdataprovider -->
